<?xml version="1.0" encoding="UTF-8"?>
<testng-results skipped="0" failed="0" ignored="0" total="2" passed="2">
  <reporter-output>
  </reporter-output>
  <suite name="Default suite" duration-ms="61750" started-at="2017-12-13T04:39:13Z" finished-at="2017-12-13T04:40:15Z">
    <groups>
    </groups>
    <test name="Default test" duration-ms="61750" started-at="2017-12-13T04:39:13Z" finished-at="2017-12-13T04:40:15Z">
      <class name="DriverClass.Driverclass">
        <test-method status="PASS" signature="PreRequisite()[pri:0, instance:DriverClass.Driverclass@6d4b1c02]" name="PreRequisite" is-config="true" duration-ms="990" started-at="2017-12-12T23:39:13Z" finished-at="2017-12-12T23:39:14Z">
          <reporter-output>
          </reporter-output>
        </test-method> <!-- PreRequisite -->
        <test-method status="PASS" signature="TestCase1()[pri:1, instance:DriverClass.Driverclass@6d4b1c02]" name="TestCase1" duration-ms="39133" started-at="2017-12-12T23:39:14Z" finished-at="2017-12-12T23:39:53Z">
          <reporter-output>
          </reporter-output>
        </test-method> <!-- TestCase1 -->
        <test-method status="PASS" signature="PreRequisite()[pri:0, instance:DriverClass.Driverclass@6d4b1c02]" name="PreRequisite" is-config="true" duration-ms="82" started-at="2017-12-12T23:39:53Z" finished-at="2017-12-12T23:39:54Z">
          <reporter-output>
          </reporter-output>
        </test-method> <!-- PreRequisite -->
        <test-method status="PASS" signature="Testcase2()[pri:2, instance:DriverClass.Driverclass@6d4b1c02]" name="Testcase2" duration-ms="21122" started-at="2017-12-12T23:39:54Z" finished-at="2017-12-12T23:40:15Z">
          <reporter-output>
          </reporter-output>
        </test-method> <!-- Testcase2 -->
        <test-method status="PASS" signature="tearDown()[pri:0, instance:DriverClass.Driverclass@6d4b1c02]" name="tearDown" is-config="true" duration-ms="2141" started-at="2017-12-12T23:40:15Z" finished-at="2017-12-12T23:40:17Z">
          <reporter-output>
          </reporter-output>
        </test-method> <!-- tearDown -->
      </class> <!-- DriverClass.Driverclass -->
    </test> <!-- Default test -->
  </suite> <!-- Default suite -->
</testng-results>
